2025-04-04 03:36:28.820413 - Received CBT.V508.FILE1015.PDS from FILE1015.XMI 
2025-04-04 03:36:28.826594 - Found $$$#DATE.txt (text/plain) in CBT.V508.FILE1015.PDS, moved to PDS/$$$#DATE
2025-04-04 03:36:28.826769 - Found $$NOTE01.eml (message/rfc822) in CBT.V508.FILE1015.PDS, moved to PDS/$$NOTE01
2025-04-04 03:36:28.826904 - Found $$NOTE02.eml (message/rfc822) in CBT.V508.FILE1015.PDS, moved to PDS/$$NOTE02
2025-04-04 03:36:28.827048 - Found $BIND.jcl (text/plain) in CBT.V508.FILE1015.PDS, moved to PDS/$BIND
2025-04-04 03:36:28.827182 - Found $COMPDYN.jcl (text/plain) in CBT.V508.FILE1015.PDS, moved to PDS/$COMPDYN
2025-04-04 03:36:28.827298 - Found $COMPEXC.jcl (text/plain) in CBT.V508.FILE1015.PDS, moved to PDS/$COMPEXC
2025-04-04 03:36:28.827430 - Found $COMPEXL.jcl (text/plain) in CBT.V508.FILE1015.PDS, moved to PDS/$COMPEXL
2025-04-04 03:36:28.827647 - Found $COMPEXP.jcl (text/plain) in CBT.V508.FILE1015.PDS, moved to PDS/$COMPEXP
2025-04-04 03:36:28.827774 - Found $COMPEXZ.jcl (text/plain) in CBT.V508.FILE1015.PDS, moved to PDS/$COMPEXZ
2025-04-04 03:36:28.827914 - Found $COMPOBL.jcl (text/plain) in CBT.V508.FILE1015.PDS, moved to PDS/$COMPOBL
2025-04-04 03:36:28.828032 - Found $COMPOBZ.jcl (text/plain) in CBT.V508.FILE1015.PDS, moved to PDS/$COMPOBZ
2025-04-04 03:36:28.828162 - Found $COMPTST.jcl (text/plain) in CBT.V508.FILE1015.PDS, moved to PDS/$COMPTST
2025-04-04 03:36:28.828280 - Found $COMPTS2.jcl (text/plain) in CBT.V508.FILE1015.PDS, moved to PDS/$COMPTS2
2025-04-04 03:36:28.828408 - Found $DDFTAB.txt (text/plain) in CBT.V508.FILE1015.PDS, moved to PDS/$DDFTAB
2025-04-04 03:36:28.828559 - Found $DDLZB1B.jcl (text/plain) in CBT.V508.FILE1015.PDS, moved to PDS/$DDLZB1B
2025-04-04 03:36:28.828700 - Found $DDLZC1C.txt (text/plain) in CBT.V508.FILE1015.PDS, moved to PDS/$DDLZC1C
2025-04-04 03:36:28.828838 - Found $DDLZVCL.jcl (text/plain) in CBT.V508.FILE1015.PDS, moved to PDS/$DDLZVCL
2025-04-04 03:36:28.828986 - Found $DDLZV11.txt (text/plain) in CBT.V508.FILE1015.PDS, moved to PDS/$DDLZV11
2025-04-04 03:36:28.829125 - Found $DDLZV12.jcl (text/plain) in CBT.V508.FILE1015.PDS, moved to PDS/$DDLZV12
2025-04-04 03:36:28.829266 - Found $HOSTDB.txt (text/plain) in CBT.V508.FILE1015.PDS, moved to PDS/$HOSTDB
2025-04-04 03:36:28.829411 - Found $INDEX.txt (text/plain) in CBT.V508.FILE1015.PDS, moved to PDS/$INDEX
2025-04-04 03:36:28.829551 - Found #GENIEBU.jcl (text/plain) in CBT.V508.FILE1015.PDS, moved to PDS/#GENIEBU
2025-04-04 03:36:28.829767 - Found #NEUEMAP.txt (text/plain) in CBT.V508.FILE1015.PDS, moved to PDS/#NEUEMAP
2025-04-04 03:36:28.829937 - Found #NICHTDA.rexx (text/plain) in CBT.V508.FILE1015.PDS, moved to PDS/#NICHTDA
2025-04-04 03:36:28.830096 - Found #SSIDINF.txt (text/plain) in CBT.V508.FILE1015.PDS, moved to PDS/#SSIDINF
2025-04-04 03:36:28.830250 - Found #STEULA1.txt (text/plain) in CBT.V508.FILE1015.PDS, moved to PDS/#STEULA1
2025-04-04 03:36:28.830378 - Found #STEULA5.txt (text/plain) in CBT.V508.FILE1015.PDS, moved to PDS/#STEULA5
2025-04-04 03:36:28.830511 - Found #STEULB1.txt (text/plain) in CBT.V508.FILE1015.PDS, moved to PDS/#STEULB1
2025-04-04 03:36:28.830661 - Found #STEULB5.txt (text/plain) in CBT.V508.FILE1015.PDS, moved to PDS/#STEULB5
2025-04-04 03:36:28.830780 - Found #STEUL97.txt (text/plain) in CBT.V508.FILE1015.PDS, moved to PDS/#STEUL97
2025-04-04 03:36:28.830916 - Found #STEUZA1.txt (text/plain) in CBT.V508.FILE1015.PDS, moved to PDS/#STEUZA1
2025-04-04 03:36:28.831050 - Found #STEUZB1.txt (text/plain) in CBT.V508.FILE1015.PDS, moved to PDS/#STEUZB1
2025-04-04 03:36:28.831203 - Found #STEUZC1.txt (text/plain) in CBT.V508.FILE1015.PDS, moved to PDS/#STEUZC1
2025-04-04 03:36:28.831339 - Found #STEUZC2.txt (text/plain) in CBT.V508.FILE1015.PDS, moved to PDS/#STEUZC2
2025-04-04 03:36:28.831462 - Found #STEUZ81.txt (text/plain) in CBT.V508.FILE1015.PDS, moved to PDS/#STEUZ81
2025-04-04 03:36:28.831586 - Found #STEUZ91.txt (text/plain) in CBT.V508.FILE1015.PDS, moved to PDS/#STEUZ91
2025-04-04 03:36:28.831712 - Found #1SAVE.jcl (text/plain) in CBT.V508.FILE1015.PDS, moved to PDS/#1SAVE
2025-04-04 03:36:28.831844 - Found @FIL1015.txt (text/plain) in CBT.V508.FILE1015.PDS, moved to PDS/@FIL1015
2025-04-04 03:36:28.831958 - Found ALTERCOL.txt (text/plain) in CBT.V508.FILE1015.PDS, moved to PDS/ALTERCOL
2025-04-04 03:36:28.832075 - Found ARXPARM1.rexx (text/plain) in CBT.V508.FILE1015.PDS, moved to PDS/ARXPARM1
2025-04-04 03:36:28.832195 - Found CCOMPTAB.rexx (text/plain) in CBT.V508.FILE1015.PDS, moved to PDS/CCOMPTAB
2025-04-04 03:36:28.832307 - Found DELBL.rexx (text/plain) in CBT.V508.FILE1015.PDS, moved to PDS/DELBL
2025-04-04 03:36:28.832431 - Found DYNAMSQL.rexx (text/plain) in CBT.V508.FILE1015.PDS, moved to PDS/DYNAMSQL
2025-04-04 03:36:28.832558 - Found DYNAMSQ1.rexx (text/plain) in CBT.V508.FILE1015.PDS, moved to PDS/DYNAMSQ1
2025-04-04 03:36:28.832684 - Found DYNAMSQ2.rexx (text/plain) in CBT.V508.FILE1015.PDS, moved to PDS/DYNAMSQ2
2025-04-04 03:36:28.832801 - Found GENIEBUP.rexx (text/plain) in CBT.V508.FILE1015.PDS, moved to PDS/GENIEBUP
2025-04-04 03:36:28.832923 - Found GETPWD.rexx (text/plain) in CBT.V508.FILE1015.PDS, moved to PDS/GETPWD
2025-04-04 03:36:28.833050 - Found ICINFO.rexx (text/plain) in CBT.V508.FILE1015.PDS, moved to PDS/ICINFO
2025-04-04 03:36:28.833163 - Found JOB.rexx (text/plain) in CBT.V508.FILE1015.PDS, moved to PDS/JOB
2025-04-04 03:36:28.833283 - Found LUWAUSW.rexx (text/plain) in CBT.V508.FILE1015.PDS, moved to PDS/LUWAUSW
2025-04-04 03:36:28.833399 - Found LUWAUSWA.rexx (text/plain) in CBT.V508.FILE1015.PDS, moved to PDS/LUWAUSWA
2025-04-04 03:36:28.833528 - Found LUWAUSWX.rexx (text/plain) in CBT.V508.FILE1015.PDS, moved to PDS/LUWAUSWX
2025-04-04 03:36:28.833665 - Found LUWA1AC2.rexx (text/plain) in CBT.V508.FILE1015.PDS, moved to PDS/LUWA1AC2
2025-04-04 03:36:28.833823 - Found LUWA1AC3.rexx (text/plain) in CBT.V508.FILE1015.PDS, moved to PDS/LUWA1AC3
2025-04-04 03:36:28.834008 - Found LUWA1200.rexx (text/plain) in CBT.V508.FILE1015.PDS, moved to PDS/LUWA1200
2025-04-04 03:36:28.834138 - Found LUWA1210.rexx (text/plain) in CBT.V508.FILE1015.PDS, moved to PDS/LUWA1210
2025-04-04 03:36:28.834301 - Found LUWA1900.rexx (text/plain) in CBT.V508.FILE1015.PDS, moved to PDS/LUWA1900
2025-04-04 03:36:28.834593 - Found LUWA1905.rexx (text/plain) in CBT.V508.FILE1015.PDS, moved to PDS/LUWA1905
2025-04-04 03:36:28.834789 - Found LUWA1910.rexx (text/plain) in CBT.V508.FILE1015.PDS, moved to PDS/LUWA1910
2025-04-04 03:36:28.834926 - Found LUWA1911.rexx (text/plain) in CBT.V508.FILE1015.PDS, moved to PDS/LUWA1911
2025-04-04 03:36:28.835093 - Found LUWA1915.rexx (text/plain) in CBT.V508.FILE1015.PDS, moved to PDS/LUWA1915
2025-04-04 03:36:28.835223 - Found LUWA1920.bin (application/octet-stream) in CBT.V508.FILE1015.PDS, moved to PDS/LUWA1920
2025-04-04 03:36:28.835360 - Found LUWA1925.rexx (text/plain) in CBT.V508.FILE1015.PDS, moved to PDS/LUWA1925
2025-04-04 03:36:28.835478 - Found LUWA5AC1.rexx (text/plain) in CBT.V508.FILE1015.PDS, moved to PDS/LUWA5AC1
2025-04-04 03:36:28.835618 - Found LUWA5AC2.rexx (text/plain) in CBT.V508.FILE1015.PDS, moved to PDS/LUWA5AC2
2025-04-04 03:36:28.835789 - Found LUWA5AC3.rexx (text/plain) in CBT.V508.FILE1015.PDS, moved to PDS/LUWA5AC3
2025-04-04 03:36:28.835936 - Found LUWA5200.rexx (text/plain) in CBT.V508.FILE1015.PDS, moved to PDS/LUWA5200
2025-04-04 03:36:28.836100 - Found LUWA5210.rexx (text/plain) in CBT.V508.FILE1015.PDS, moved to PDS/LUWA5210
2025-04-04 03:36:28.836265 - Found LUWA5900.rexx (text/plain) in CBT.V508.FILE1015.PDS, moved to PDS/LUWA5900
2025-04-04 03:36:28.836396 - Found LUWA5905.rexx (text/plain) in CBT.V508.FILE1015.PDS, moved to PDS/LUWA5905
2025-04-04 03:36:28.836550 - Found LUWA5910.rexx (text/plain) in CBT.V508.FILE1015.PDS, moved to PDS/LUWA5910
2025-04-04 03:36:28.836670 - Found LUWA5911.rexx (text/plain) in CBT.V508.FILE1015.PDS, moved to PDS/LUWA5911
2025-04-04 03:36:28.836798 - Found LUWA5915.rexx (text/plain) in CBT.V508.FILE1015.PDS, moved to PDS/LUWA5915
2025-04-04 03:36:28.836923 - Found LUWA5920.bin (application/octet-stream) in CBT.V508.FILE1015.PDS, moved to PDS/LUWA5920
2025-04-04 03:36:28.837040 - Found LUWA5921.bin (application/octet-stream) in CBT.V508.FILE1015.PDS, moved to PDS/LUWA5921
2025-04-04 03:36:28.837169 - Found LUWA5925.rexx (text/plain) in CBT.V508.FILE1015.PDS, moved to PDS/LUWA5925
2025-04-04 03:36:28.837293 - Found LUWA5935.rexx (text/plain) in CBT.V508.FILE1015.PDS, moved to PDS/LUWA5935
2025-04-04 03:36:28.837409 - Found LUWB1AC1.rexx (text/plain) in CBT.V508.FILE1015.PDS, moved to PDS/LUWB1AC1
2025-04-04 03:36:28.837550 - Found LUWB1AC2.rexx (text/plain) in CBT.V508.FILE1015.PDS, moved to PDS/LUWB1AC2
2025-04-04 03:36:28.837723 - Found LUWB1AC3.rexx (text/plain) in CBT.V508.FILE1015.PDS, moved to PDS/LUWB1AC3
2025-04-04 03:36:28.837847 - Found LUWB1200.rexx (text/plain) in CBT.V508.FILE1015.PDS, moved to PDS/LUWB1200
2025-04-04 03:36:28.837960 - Found LUWB1210.rexx (text/plain) in CBT.V508.FILE1015.PDS, moved to PDS/LUWB1210
2025-04-04 03:36:28.838083 - Found LUWB1900.rexx (text/plain) in CBT.V508.FILE1015.PDS, moved to PDS/LUWB1900
2025-04-04 03:36:28.838381 - Found LUWB1905.rexx (text/plain) in CBT.V508.FILE1015.PDS, moved to PDS/LUWB1905
2025-04-04 03:36:28.838529 - Found LUWB1910.rexx (text/plain) in CBT.V508.FILE1015.PDS, moved to PDS/LUWB1910
2025-04-04 03:36:28.838645 - Found LUWB1911.rexx (text/plain) in CBT.V508.FILE1015.PDS, moved to PDS/LUWB1911
2025-04-04 03:36:28.838764 - Found LUWB1915.rexx (text/plain) in CBT.V508.FILE1015.PDS, moved to PDS/LUWB1915
2025-04-04 03:36:28.838882 - Found LUWB1920.bin (application/octet-stream) in CBT.V508.FILE1015.PDS, moved to PDS/LUWB1920
2025-04-04 03:36:28.839007 - Found LUWB1921.bin (application/octet-stream) in CBT.V508.FILE1015.PDS, moved to PDS/LUWB1921
2025-04-04 03:36:28.839128 - Found LUWB1925.rexx (text/plain) in CBT.V508.FILE1015.PDS, moved to PDS/LUWB1925
2025-04-04 03:36:28.839242 - Found LUWB1935.rexx (text/plain) in CBT.V508.FILE1015.PDS, moved to PDS/LUWB1935
2025-04-04 03:36:28.839388 - Found LUWB5ACX.rexx (text/plain) in CBT.V508.FILE1015.PDS, moved to PDS/LUWB5ACX
2025-04-04 03:36:28.839519 - Found LUWB5AC1.rexx (text/plain) in CBT.V508.FILE1015.PDS, moved to PDS/LUWB5AC1
2025-04-04 03:36:28.839673 - Found LUWB5AC2.rexx (text/plain) in CBT.V508.FILE1015.PDS, moved to PDS/LUWB5AC2
2025-04-04 03:36:28.839855 - Found LUWB5AC3.rexx (text/plain) in CBT.V508.FILE1015.PDS, moved to PDS/LUWB5AC3
2025-04-04 03:36:28.839974 - Found LUWB5200.rexx (text/plain) in CBT.V508.FILE1015.PDS, moved to PDS/LUWB5200
2025-04-04 03:36:28.840091 - Found LUWB5210.rexx (text/plain) in CBT.V508.FILE1015.PDS, moved to PDS/LUWB5210
2025-04-04 03:36:28.840211 - Found LUWB5900.rexx (text/plain) in CBT.V508.FILE1015.PDS, moved to PDS/LUWB5900
2025-04-04 03:36:28.840330 - Found LUWB5905.rexx (text/plain) in CBT.V508.FILE1015.PDS, moved to PDS/LUWB5905
2025-04-04 03:36:28.840490 - Found LUWB5910.rexx (text/plain) in CBT.V508.FILE1015.PDS, moved to PDS/LUWB5910
2025-04-04 03:36:28.840601 - Found LUWB5911.rexx (text/plain) in CBT.V508.FILE1015.PDS, moved to PDS/LUWB5911
2025-04-04 03:36:28.840731 - Found LUWB5915.rexx (text/plain) in CBT.V508.FILE1015.PDS, moved to PDS/LUWB5915
2025-04-04 03:36:28.840853 - Found LUWB5920.bin (application/octet-stream) in CBT.V508.FILE1015.PDS, moved to PDS/LUWB5920
2025-04-04 03:36:28.840972 - Found LUWB5925.rexx (text/plain) in CBT.V508.FILE1015.PDS, moved to PDS/LUWB5925
2025-04-04 03:36:28.841087 - Found LUWB5935.rexx (text/plain) in CBT.V508.FILE1015.PDS, moved to PDS/LUWB5935
2025-04-04 03:36:28.841199 - Found LUWDB2.rexx (text/plain) in CBT.V508.FILE1015.PDS, moved to PDS/LUWDB2
2025-04-04 03:36:28.841308 - Found LUWEDSQL.rexx (text/plain) in CBT.V508.FILE1015.PDS, moved to PDS/LUWEDSQL
2025-04-04 03:36:28.841435 - Found LUWHELP.rexx (text/plain) in CBT.V508.FILE1015.PDS, moved to PDS/LUWHELP
2025-04-04 03:36:28.841566 - Found LUW97AC2.rexx (text/plain) in CBT.V508.FILE1015.PDS, moved to PDS/LUW97AC2
2025-04-04 03:36:28.841724 - Found LUW97AC3.rexx (text/plain) in CBT.V508.FILE1015.PDS, moved to PDS/LUW97AC3
2025-04-04 03:36:28.841866 - Found LUW97200.rexx (text/plain) in CBT.V508.FILE1015.PDS, moved to PDS/LUW97200
2025-04-04 03:36:28.841981 - Found LUW97210.rexx (text/plain) in CBT.V508.FILE1015.PDS, moved to PDS/LUW97210
2025-04-04 03:36:28.842121 - Found LUW97900.rexx (text/plain) in CBT.V508.FILE1015.PDS, moved to PDS/LUW97900
2025-04-04 03:36:28.842232 - Found LUW97905.rexx (text/plain) in CBT.V508.FILE1015.PDS, moved to PDS/LUW97905
2025-04-04 03:36:28.842373 - Found LUW97910.rexx (text/plain) in CBT.V508.FILE1015.PDS, moved to PDS/LUW97910
2025-04-04 03:36:28.842494 - Found LUW97911.rexx (text/plain) in CBT.V508.FILE1015.PDS, moved to PDS/LUW97911
2025-04-04 03:36:28.842603 - Found LUW97915.rexx (text/plain) in CBT.V508.FILE1015.PDS, moved to PDS/LUW97915
2025-04-04 03:36:28.842720 - Found LUW97920.bin (application/octet-stream) in CBT.V508.FILE1015.PDS, moved to PDS/LUW97920
2025-04-04 03:36:28.842847 - Found LUW97921.bin (application/octet-stream) in CBT.V508.FILE1015.PDS, moved to PDS/LUW97921
2025-04-04 03:36:28.842959 - Found RXMODDEL.rexx (text/plain) in CBT.V508.FILE1015.PDS, moved to PDS/RXMODDEL
2025-04-04 03:36:28.843080 - Found RXOBJECT.rexx (text/plain) in CBT.V508.FILE1015.PDS, moved to PDS/RXOBJECT
2025-04-04 03:36:28.843196 - Found RXSQLFOR.rexx (text/plain) in CBT.V508.FILE1015.PDS, moved to PDS/RXSQLFOR
2025-04-04 03:36:28.843334 - Found RXSQLFO1.rexx (text/plain) in CBT.V508.FILE1015.PDS, moved to PDS/RXSQLFO1
2025-04-04 03:36:28.843446 - Found SERROR.rexx (text/plain) in CBT.V508.FILE1015.PDS, moved to PDS/SERROR
2025-04-04 03:36:28.843555 - Found SIFCAREX.rexx (text/plain) in CBT.V508.FILE1015.PDS, moved to PDS/SIFCAREX
2025-04-04 03:36:28.843666 - Found SKELS.rexx (text/plain) in CBT.V508.FILE1015.PDS, moved to PDS/SKELS
2025-04-04 03:36:28.843795 - Found SPLITSQL.rexx (text/plain) in CBT.V508.FILE1015.PDS, moved to PDS/SPLITSQL
2025-04-04 03:36:28.843906 - Found SPLITSQ1.rexx (text/plain) in CBT.V508.FILE1015.PDS, moved to PDS/SPLITSQ1
2025-04-04 03:36:28.844018 - Found SQLERR.rexx (text/plain) in CBT.V508.FILE1015.PDS, moved to PDS/SQLERR
2025-04-04 03:36:28.844128 - Found SQLERR1.rexx (text/plain) in CBT.V508.FILE1015.PDS, moved to PDS/SQLERR1
2025-04-04 03:36:28.844252 - Found SSPUFI.rexx (text/plain) in CBT.V508.FILE1015.PDS, moved to PDS/SSPUFI
2025-04-04 03:36:28.844386 - Found ZOSA1AC2.rexx (text/plain) in CBT.V508.FILE1015.PDS, moved to PDS/ZOSA1AC2
2025-04-04 03:36:28.844532 - Found ZOSA1AC3.rexx (text/plain) in CBT.V508.FILE1015.PDS, moved to PDS/ZOSA1AC3
2025-04-04 03:36:28.844640 - Found ZOSA1200.rexx (text/plain) in CBT.V508.FILE1015.PDS, moved to PDS/ZOSA1200
2025-04-04 03:36:28.844765 - Found ZOSA1210.rexx (text/plain) in CBT.V508.FILE1015.PDS, moved to PDS/ZOSA1210
2025-04-04 03:36:28.844910 - Found ZOSA1900.rexx (text/plain) in CBT.V508.FILE1015.PDS, moved to PDS/ZOSA1900
2025-04-04 03:36:28.845064 - Found ZOSA1905.rexx (text/plain) in CBT.V508.FILE1015.PDS, moved to PDS/ZOSA1905
2025-04-04 03:36:28.845206 - Found ZOSA1910.rexx (text/plain) in CBT.V508.FILE1015.PDS, moved to PDS/ZOSA1910
2025-04-04 03:36:28.845319 - Found ZOSA1911.rexx (text/plain) in CBT.V508.FILE1015.PDS, moved to PDS/ZOSA1911
2025-04-04 03:36:28.845442 - Found ZOSA1915.rexx (text/plain) in CBT.V508.FILE1015.PDS, moved to PDS/ZOSA1915
2025-04-04 03:36:28.845551 - Found ZOSA1916.rexx (text/plain) in CBT.V508.FILE1015.PDS, moved to PDS/ZOSA1916
2025-04-04 03:36:28.845685 - Found ZOSA1920.bin (application/octet-stream) in CBT.V508.FILE1015.PDS, moved to PDS/ZOSA1920
2025-04-04 03:36:28.845816 - Found ZOSA1925.rexx (text/plain) in CBT.V508.FILE1015.PDS, moved to PDS/ZOSA1925
2025-04-04 03:36:28.845934 - Found ZOSA1930.rexx (text/plain) in CBT.V508.FILE1015.PDS, moved to PDS/ZOSA1930
2025-04-04 03:36:28.846047 - Found ZOSA1935.rexx (text/plain) in CBT.V508.FILE1015.PDS, moved to PDS/ZOSA1935
2025-04-04 03:36:28.846158 - Found ZOSA1940.rexx (text/plain) in CBT.V508.FILE1015.PDS, moved to PDS/ZOSA1940
2025-04-04 03:36:28.846304 - Found ZOSB1AC2.rexx (text/plain) in CBT.V508.FILE1015.PDS, moved to PDS/ZOSB1AC2
2025-04-04 03:36:28.846472 - Found ZOSB1AC3.rexx (text/plain) in CBT.V508.FILE1015.PDS, moved to PDS/ZOSB1AC3
2025-04-04 03:36:28.846628 - Found ZOSB1AC4.rexx (text/plain) in CBT.V508.FILE1015.PDS, moved to PDS/ZOSB1AC4
2025-04-04 03:36:28.846739 - Found ZOSB1200.rexx (text/plain) in CBT.V508.FILE1015.PDS, moved to PDS/ZOSB1200
2025-04-04 03:36:28.846872 - Found ZOSB1210.rexx (text/plain) in CBT.V508.FILE1015.PDS, moved to PDS/ZOSB1210
2025-04-04 03:36:28.846995 - Found ZOSB1900.rexx (text/plain) in CBT.V508.FILE1015.PDS, moved to PDS/ZOSB1900
2025-04-04 03:36:28.847167 - Found ZOSB1905.rexx (text/plain) in CBT.V508.FILE1015.PDS, moved to PDS/ZOSB1905
2025-04-04 03:36:28.847307 - Found ZOSB1906.rexx (text/plain) in CBT.V508.FILE1015.PDS, moved to PDS/ZOSB1906
2025-04-04 03:36:28.847580 - Found ZOSB1910.rexx (text/plain) in CBT.V508.FILE1015.PDS, moved to PDS/ZOSB1910
2025-04-04 03:36:28.847688 - Found ZOSB1911.rexx (text/plain) in CBT.V508.FILE1015.PDS, moved to PDS/ZOSB1911
2025-04-04 03:36:28.847815 - Found ZOSB1915.rexx (text/plain) in CBT.V508.FILE1015.PDS, moved to PDS/ZOSB1915
2025-04-04 03:36:28.847931 - Found ZOSB192B.rexx (text/plain) in CBT.V508.FILE1015.PDS, moved to PDS/ZOSB192B
2025-04-04 03:36:28.848064 - Found ZOSB1920.rexx (text/plain) in CBT.V508.FILE1015.PDS, moved to PDS/ZOSB1920
2025-04-04 03:36:28.848182 - Found ZOSB1921.rexx (text/plain) in CBT.V508.FILE1015.PDS, moved to PDS/ZOSB1921
2025-04-04 03:36:28.848330 - Found ZOSB1925.rexx (text/plain) in CBT.V508.FILE1015.PDS, moved to PDS/ZOSB1925
2025-04-04 03:36:28.848450 - Found ZOSB1930.rexx (text/plain) in CBT.V508.FILE1015.PDS, moved to PDS/ZOSB1930
2025-04-04 03:36:28.848565 - Found ZOSB1931.rexx (text/plain) in CBT.V508.FILE1015.PDS, moved to PDS/ZOSB1931
2025-04-04 03:36:28.848681 - Found ZOSB1932.rexx (text/plain) in CBT.V508.FILE1015.PDS, moved to PDS/ZOSB1932
2025-04-04 03:36:28.848814 - Found ZOSB1935.rexx (text/plain) in CBT.V508.FILE1015.PDS, moved to PDS/ZOSB1935
2025-04-04 03:36:28.848922 - Found ZOSB1940.rexx (text/plain) in CBT.V508.FILE1015.PDS, moved to PDS/ZOSB1940
2025-04-04 03:36:28.849051 - Found ZOSC1AC2.rexx (text/plain) in CBT.V508.FILE1015.PDS, moved to PDS/ZOSC1AC2
2025-04-04 03:36:28.849165 - Found ZOSC1AC3.rexx (text/plain) in CBT.V508.FILE1015.PDS, moved to PDS/ZOSC1AC3
2025-04-04 03:36:28.849289 - Found ZOSC1200.rexx (text/plain) in CBT.V508.FILE1015.PDS, moved to PDS/ZOSC1200
2025-04-04 03:36:28.849406 - Found ZOSC1210.rexx (text/plain) in CBT.V508.FILE1015.PDS, moved to PDS/ZOSC1210
2025-04-04 03:36:28.849518 - Found ZOSC1900.rexx (text/plain) in CBT.V508.FILE1015.PDS, moved to PDS/ZOSC1900
2025-04-04 03:36:28.849682 - Found ZOSC1905.rexx (text/plain) in CBT.V508.FILE1015.PDS, moved to PDS/ZOSC1905
2025-04-04 03:36:28.849824 - Found ZOSC1906.rexx (text/plain) in CBT.V508.FILE1015.PDS, moved to PDS/ZOSC1906
2025-04-04 03:36:28.849962 - Found ZOSC1907.rexx (text/plain) in CBT.V508.FILE1015.PDS, moved to PDS/ZOSC1907
2025-04-04 03:36:28.850079 - Found ZOSC1910.rexx (text/plain) in CBT.V508.FILE1015.PDS, moved to PDS/ZOSC1910
2025-04-04 03:36:28.850191 - Found ZOSC1911.rexx (text/plain) in CBT.V508.FILE1015.PDS, moved to PDS/ZOSC1911
2025-04-04 03:36:28.850328 - Found ZOSC1915.rexx (text/plain) in CBT.V508.FILE1015.PDS, moved to PDS/ZOSC1915
2025-04-04 03:36:28.850461 - Found ZOSC192B.rexx (text/plain) in CBT.V508.FILE1015.PDS, moved to PDS/ZOSC192B
2025-04-04 03:36:28.850587 - Found ZOSC1920.rexx (text/plain) in CBT.V508.FILE1015.PDS, moved to PDS/ZOSC1920
2025-04-04 03:36:28.850709 - Found ZOSC1921.rexx (text/plain) in CBT.V508.FILE1015.PDS, moved to PDS/ZOSC1921
2025-04-04 03:36:28.850852 - Found ZOSC1925.rexx (text/plain) in CBT.V508.FILE1015.PDS, moved to PDS/ZOSC1925
2025-04-04 03:36:28.850966 - Found ZOSC1930.rexx (text/plain) in CBT.V508.FILE1015.PDS, moved to PDS/ZOSC1930
2025-04-04 03:36:28.851107 - Found ZOSC1935.rexx (text/plain) in CBT.V508.FILE1015.PDS, moved to PDS/ZOSC1935
2025-04-04 03:36:28.851221 - Found ZOSC1940.rexx (text/plain) in CBT.V508.FILE1015.PDS, moved to PDS/ZOSC1940
2025-04-04 03:36:28.851373 - Found ZOSC2AC2.rexx (text/plain) in CBT.V508.FILE1015.PDS, moved to PDS/ZOSC2AC2
2025-04-04 03:36:28.851547 - Found ZOSC2AC3.rexx (text/plain) in CBT.V508.FILE1015.PDS, moved to PDS/ZOSC2AC3
2025-04-04 03:36:28.851694 - Found ZOSC3AC2.rexx (text/plain) in CBT.V508.FILE1015.PDS, moved to PDS/ZOSC3AC2
2025-04-04 03:36:28.851860 - Found ZOSC3AC3.rexx (text/plain) in CBT.V508.FILE1015.PDS, moved to PDS/ZOSC3AC3
2025-04-04 03:36:28.851967 - Found ZOSZPARM.rexx (text/plain) in CBT.V508.FILE1015.PDS, moved to PDS/ZOSZPARM
2025-04-04 03:36:28.852087 - Found ZOS81AC2.rexx (text/plain) in CBT.V508.FILE1015.PDS, moved to PDS/ZOS81AC2
2025-04-04 03:36:28.852227 - Found ZOS81AC3.rexx (text/plain) in CBT.V508.FILE1015.PDS, moved to PDS/ZOS81AC3
2025-04-04 03:36:28.852368 - Found ZOS81200.rexx (text/plain) in CBT.V508.FILE1015.PDS, moved to PDS/ZOS81200
2025-04-04 03:36:28.852482 - Found ZOS81210.rexx (text/plain) in CBT.V508.FILE1015.PDS, moved to PDS/ZOS81210
2025-04-04 03:36:28.852590 - Found ZOS81900.rexx (text/plain) in CBT.V508.FILE1015.PDS, moved to PDS/ZOS81900
2025-04-04 03:36:28.852728 - Found ZOS81905.rexx (text/plain) in CBT.V508.FILE1015.PDS, moved to PDS/ZOS81905
2025-04-04 03:36:28.852845 - Found ZOS81910.rexx (text/plain) in CBT.V508.FILE1015.PDS, moved to PDS/ZOS81910
2025-04-04 03:36:28.852953 - Found ZOS81911.rexx (text/plain) in CBT.V508.FILE1015.PDS, moved to PDS/ZOS81911
2025-04-04 03:36:28.853072 - Found ZOS81915.rexx (text/plain) in CBT.V508.FILE1015.PDS, moved to PDS/ZOS81915
2025-04-04 03:36:28.853184 - Found ZOS81916.rexx (text/plain) in CBT.V508.FILE1015.PDS, moved to PDS/ZOS81916
2025-04-04 03:36:28.853311 - Found ZOS81920.bin (application/octet-stream) in CBT.V508.FILE1015.PDS, moved to PDS/ZOS81920
2025-04-04 03:36:28.853432 - Found ZOS81925.rexx (text/plain) in CBT.V508.FILE1015.PDS, moved to PDS/ZOS81925
2025-04-04 03:36:28.853555 - Found ZOS91AC2.rexx (text/plain) in CBT.V508.FILE1015.PDS, moved to PDS/ZOS91AC2
2025-04-04 03:36:28.853682 - Found ZOS91AC3.rexx (text/plain) in CBT.V508.FILE1015.PDS, moved to PDS/ZOS91AC3
2025-04-04 03:36:28.853812 - Found ZOS91200.rexx (text/plain) in CBT.V508.FILE1015.PDS, moved to PDS/ZOS91200
2025-04-04 03:36:28.853924 - Found ZOS91210.rexx (text/plain) in CBT.V508.FILE1015.PDS, moved to PDS/ZOS91210
2025-04-04 03:36:28.854031 - Found ZOS91900.rexx (text/plain) in CBT.V508.FILE1015.PDS, moved to PDS/ZOS91900
2025-04-04 03:36:28.854163 - Found ZOS91905.rexx (text/plain) in CBT.V508.FILE1015.PDS, moved to PDS/ZOS91905
2025-04-04 03:36:28.854285 - Found ZOS91910.rexx (text/plain) in CBT.V508.FILE1015.PDS, moved to PDS/ZOS91910
2025-04-04 03:36:28.854395 - Found ZOS91911.rexx (text/plain) in CBT.V508.FILE1015.PDS, moved to PDS/ZOS91911
2025-04-04 03:36:28.854515 - Found ZOS91915.rexx (text/plain) in CBT.V508.FILE1015.PDS, moved to PDS/ZOS91915
2025-04-04 03:36:28.854627 - Found ZOS91916.rexx (text/plain) in CBT.V508.FILE1015.PDS, moved to PDS/ZOS91916
2025-04-04 03:36:28.854760 - Found ZOS91920.bin (application/octet-stream) in CBT.V508.FILE1015.PDS, moved to PDS/ZOS91920
2025-04-04 03:36:28.854875 - Found ZOS91925.rexx (text/plain) in CBT.V508.FILE1015.PDS, moved to PDS/ZOS91925
